<?xml version="1.0" encoding="UTF-8"?>
<coverage generated="1687858469653" clover="3.2.0">
  <project timestamp="1687858469653" name="All files">
    <metrics statements="1" coveredstatements="1" conditionals="1" coveredconditionals="1" methods="1" coveredmethods="1" elements="3" coveredelements="3" complexity="0" loc="1" ncloc="1" packages="1" files="1" classes="1"/>
    <file name="sum.ts" path="C:\KhaLe\Tech\Node\Fullstack\back-end-nodejs\node-typescript-architecture\src\test-example\sum.ts">
      <metrics statements="1" coveredstatements="1" conditionals="1" coveredconditionals="1" methods="1" coveredmethods="1"/>
      <line num="1" count="1" type="cond" truecount="1" falsecount="0"/>
    </file>
  </project>
</coverage>
